<?xml version="1.0" encoding="UTF-8"?>
<!-- Generated by org.testng.reporters.JUnitReportReporter -->
<testsuite hostname="USER-20160327TR" name="testcases.Login" tests="1" failures="0" timestamp="24 Jun 2016 01:45:03 GMT" time="8.553" errors="0">
  <testcase name="testlogin" time="8.553" classname="testcases.Login"/>
</testsuite> <!-- testcases.Login -->
