<?xml version="1.0" encoding="UTF-8"?>
<!-- Generated by org.testng.reporters.JUnitReportReporter -->
<testsuite hostname="USER-20160327TR" name="testcases.ErrPRegister" tests="1" failures="0" timestamp="24 Jun 2016 01:40:15 GMT" time="1.621" errors="0">
  <testcase name="testerrpreg" time="1.621" classname="testcases.ErrPRegister"/>
</testsuite> <!-- testcases.ErrPRegister -->
