<?xml version="1.0" encoding="UTF-8"?>
<!-- Generated by org.testng.reporters.JUnitReportReporter -->
<testsuite hostname="USER-20160327TR" name="testcases.Order" tests="1" failures="0" timestamp="8 Apr 2016 09:29:02 GMT" time="45.254" errors="0">
  <testcase name="testorder" time="45.254" classname="testcases.Order"/>
</testsuite> <!-- testcases.Order -->
