<?xml version="1.0" encoding="UTF-8"?>
<!-- Generated by org.testng.reporters.JUnitReportReporter -->
<testsuite hostname="USER-20160327TR" name="testcases.Login" tests="1" failures="0" timestamp="8 Apr 2016 03:00:42 GMT" time="8.155" errors="0">
  <testcase name="testlogin" time="8.155" classname="testcases.Login"/>
</testsuite> <!-- testcases.Login -->
