<?xml version="1.0" encoding="UTF-8"?>
<!-- Generated by org.testng.reporters.JUnitReportReporter -->
<testsuite hostname="USER-20160327TR" name="testcases.ModifyData" tests="1" failures="0" timestamp="28 Apr 2016 05:51:17 GMT" time="34.749" errors="0">
  <testcase name="testmodifydata" time="34.749" classname="testcases.ModifyData"/>
</testsuite> <!-- testcases.ModifyData -->
