<?xml version="1.0" encoding="UTF-8"?>
<!-- Generated by org.testng.reporters.JUnitReportReporter -->
<testsuite hostname="USER-20160327TR" name="testcases.Order" tests="1" failures="0" timestamp="11 Apr 2016 10:54:14 GMT" time="76.435" errors="0">
  <testcase name="testorder" time="76.435" classname="testcases.Order"/>
</testsuite> <!-- testcases.Order -->
