<?xml version="1.0" encoding="UTF-8"?>
<!-- Generated by org.testng.reporters.JUnitReportReporter -->
<testsuite hostname="USER-20160327TR" name="testcases.ErrMRegister" tests="1" failures="0" timestamp="28 Apr 2016 04:17:13 GMT" time="2.896" errors="0">
  <testcase name="testerrmreg" time="2.896" classname="testcases.ErrMRegister"/>
</testsuite> <!-- testcases.ErrMRegister -->
