<?xml version="1.0" encoding="UTF-8"?>
<!-- Generated by org.testng.reporters.JUnitReportReporter -->
<testsuite hostname="USER-20160327TR" name="testcases.DupRegister" tests="1" failures="0" timestamp="28 Apr 2016 04:06:58 GMT" time="1.586" errors="0">
  <testcase name="testdupreg" time="1.586" classname="testcases.DupRegister"/>
</testsuite> <!-- testcases.DupRegister -->
