<?xml version="1.0" encoding="UTF-8"?>
<!-- Generated by org.testng.reporters.JUnitReportReporter -->
<testsuite hostname="USER-20160327TR" name="testcases.ModifyData" tests="1" failures="0" timestamp="11 Apr 2016 10:50:42 GMT" time="47.440" errors="0">
  <testcase name="testmodify" time="47.440" classname="testcases.ModifyData"/>
</testsuite> <!-- testcases.ModifyData -->
