<?xml version="1.0" encoding="UTF-8"?>
<!-- Generated by org.testng.reporters.JUnitReportReporter -->
<testsuite hostname="USER-20160327TR" name="testcases.LoginFail" tests="1" failures="0" timestamp="11 Apr 2016 07:33:38 GMT" time="6.903" errors="0">
  <testcase name="testloginfail" time="6.903" classname="testcases.LoginFail"/>
</testsuite> <!-- testcases.LoginFail -->
