<?xml version="1.0" encoding="UTF-8"?>
<!-- Generated by org.testng.reporters.JUnitReportReporter -->
<testsuite hostname="USER-20160327TR" name="testcases.Order" tests="1" failures="0" timestamp="6 Apr 2016 09:11:51 GMT" time="22.760" errors="0">
  <testcase name="testorder" time="22.760" classname="testcases.Order"/>
</testsuite> <!-- testcases.Order -->
