<?xml version="1.0" encoding="UTF-8"?>
<!-- Generated by org.testng.reporters.JUnitReportReporter -->
<testsuite hostname="USER-20160327TR" name="testcases.WenKu" tests="1" failures="0" timestamp="24 Jun 2016 01:55:23 GMT" time="38.409" errors="0">
  <testcase name="testlogin" time="38.409" classname="testcases.WenKu"/>
</testsuite> <!-- testcases.WenKu -->
