<?xml version="1.0" encoding="UTF-8"?>
<!-- Generated by org.testng.reporters.JUnitReportReporter -->
<testsuite hostname="USER-20160327TR" name="testcases.PrintShop" tests="1" failures="0" timestamp="8 Apr 2016 03:21:24 GMT" time="16.393" errors="0">
  <testcase name="testprint" time="16.393" classname="testcases.PrintShop"/>
</testsuite> <!-- testcases.PrintShop -->
