<?xml version="1.0" encoding="UTF-8"?>
<!-- Generated by org.testng.reporters.JUnitReportReporter -->
<testsuite hostname="USER-20160327TR" name="testcases.Order" tests="1" failures="0" timestamp="6 Apr 2016 04:05:59 GMT" time="38.233" errors="0">
  <testcase name="testorder" time="38.233" classname="testcases.Order"/>
</testsuite> <!-- testcases.Order -->
