<?xml version="1.0" encoding="UTF-8"?>
<!-- Generated by org.testng.reporters.JUnitReportReporter -->
<testsuite hostname="USER-20160327TR" name="testcases.WaitDemo" tests="1" failures="0" timestamp="9 May 2016 03:52:43 GMT" time="26.843" errors="0">
  <testcase name="testorder" time="26.843" classname="testcases.WaitDemo"/>
</testsuite> <!-- testcases.WaitDemo -->
