<?xml version="1.0" encoding="UTF-8"?>
<!-- Generated by org.testng.reporters.JUnitReportReporter -->
<testsuite hostname="USER-20160327TR" name="testcases.Register" tests="1" failures="0" timestamp="27 Apr 2016 08:39:38 GMT" time="2.345" errors="0">
  <testcase name="testreg" time="2.345" classname="testcases.Register"/>
</testsuite> <!-- testcases.Register -->
