<?xml version="1.0" encoding="UTF-8"?>
<!-- Generated by org.testng.reporters.JUnitReportReporter -->
<testsuite hostname="USER-20160327TR" name="testcases.ResetPwd" tests="1" failures="0" timestamp="12 Apr 2016 05:29:28 GMT" time="8.567" errors="0">
  <testcase name="testresetpwd" time="8.567" classname="testcases.ResetPwd"/>
</testsuite> <!-- testcases.ResetPwd -->
