<?xml version="1.0" encoding="UTF-8"?>
<!-- Generated by org.testng.reporters.JUnitReportReporter -->
<testsuite hostname="USER-20160327TR" name="testcases.Register" tests="1" failures="0" timestamp="8 Apr 2016 09:40:43 GMT" time="4.446" errors="0">
  <testcase name="testreg" time="4.446" classname="testcases.Register"/>
</testsuite> <!-- testcases.Register -->
