<?xml version="1.0" encoding="UTF-8"?>
<!-- Generated by org.testng.reporters.JUnitReportReporter -->
<testsuite hostname="USER-20160327TR" name="testcases.ErrMRegister" tests="1" failures="0" timestamp="17 May 2016 07:37:19 GMT" time="3.741" errors="0">
  <testcase name="testerrmreg" time="3.741" classname="testcases.ErrMRegister"/>
</testsuite> <!-- testcases.ErrMRegister -->
