<?xml version="1.0" encoding="UTF-8"?>
<!-- Generated by org.testng.reporters.JUnitReportReporter -->
<testsuite hostname="USER-20160327TR" name="testcases.DupRegister" tests="1" failures="0" timestamp="20 Apr 2016 07:45:52 GMT" time="0.722" errors="0">
  <testcase name="testdupreg" time="0.722" classname="testcases.DupRegister"/>
</testsuite> <!-- testcases.DupRegister -->
