<?xml version="1.0" encoding="UTF-8"?>
<!-- Generated by org.testng.reporters.JUnitReportReporter -->
<testsuite hostname="USER-20160327TR" name="testcases.Login" tests="1" failures="0" timestamp="25 Apr 2016 02:21:08 GMT" time="7.170" errors="0">
  <testcase name="testlogin" time="7.170" classname="testcases.Login"/>
</testsuite> <!-- testcases.Login -->
