<?xml version="1.0" encoding="UTF-8"?>
<!-- Generated by org.testng.reporters.JUnitReportReporter -->
<testsuite hostname="USER-20160327TR" name="testcases.ErrMRegister" tests="1" failures="0" timestamp="24 Jun 2016 01:38:18 GMT" time="2.438" errors="0">
  <testcase name="testerrmreg" time="2.438" classname="testcases.ErrMRegister"/>
</testsuite> <!-- testcases.ErrMRegister -->
