<?xml version="1.0" encoding="UTF-8"?>
<!-- Generated by org.testng.reporters.JUnitReportReporter -->
<testsuite hostname="USER-20160327TR" name="testcases.Room" tests="1" failures="0" timestamp="6 Apr 2016 11:10:20 GMT" time="14.743" errors="0">
  <testcase name="testroom" time="14.743" classname="testcases.Room"/>
</testsuite> <!-- testcases.Room -->
