<?xml version="1.0" encoding="UTF-8"?>
<!-- Generated by org.testng.reporters.JUnitReportReporter -->
<testsuite hostname="USER-20160327TR" name="testcases.Register" tests="1" failures="0" timestamp="11 Apr 2016 07:33:38 GMT" time="4.495" errors="0">
  <testcase name="testreg" time="4.495" classname="testcases.Register"/>
</testsuite> <!-- testcases.Register -->
