<?xml version="1.0" encoding="UTF-8"?>
<!-- Generated by org.testng.reporters.JUnitReportReporter -->
<testsuite hostname="USER-20160327TR" name="testcases.LoginFail" tests="1" failures="0" timestamp="24 Jun 2016 01:45:31 GMT" time="7.315" errors="0">
  <testcase name="testloginfail" time="7.315" classname="testcases.LoginFail"/>
</testsuite> <!-- testcases.LoginFail -->
