<?xml version="1.0" encoding="UTF-8"?>
<!-- Generated by org.testng.reporters.JUnitReportReporter -->
<testsuite hostname="USER-20160327TR" name="testcases.CancelOrder" tests="1" failures="0" timestamp="22 Apr 2016 09:51:59 GMT" time="25.693" errors="0">
  <testcase name="testcancelorder" time="25.693" classname="testcases.CancelOrder"/>
</testsuite> <!-- testcases.CancelOrder -->
