<?xml version="1.0" encoding="UTF-8"?>
<!-- Generated by org.testng.reporters.JUnitReportReporter -->
<testsuite hostname="USER-20160327TR" name="testcases.ResetPwd" tests="1" failures="0" timestamp="25 Apr 2016 02:37:35 GMT" time="8.520" errors="0">
  <testcase name="testresetpwd" time="8.520" classname="testcases.ResetPwd"/>
</testsuite> <!-- testcases.ResetPwd -->
