<?xml version="1.0" encoding="UTF-8"?>
<!-- Generated by org.testng.reporters.JUnitReportReporter -->
<testsuite hostname="USER-20160327TR" name="testcases.LoginDemo" tests="1" failures="0" timestamp="30 Mar 2016 07:59:24 GMT" time="20.036" errors="0">
  <testcase name="testlogin" time="20.036" classname="testcases.LoginDemo"/>
</testsuite> <!-- testcases.LoginDemo -->
