<?xml version="1.0" encoding="UTF-8"?>
<!-- Generated by org.testng.reporters.JUnitReportReporter -->
<testsuite hostname="USER-20160327TR" name="testcases.ModifyData" tests="1" failures="0" timestamp="24 Jun 2016 01:46:32 GMT" time="36.865" errors="0">
  <testcase name="testmodifydata" time="36.865" classname="testcases.ModifyData"/>
</testsuite> <!-- testcases.ModifyData -->
