<?xml version="1.0" encoding="UTF-8"?>
<!-- Generated by org.testng.reporters.JUnitReportReporter -->
<testsuite hostname="USER-20160327TR" name="testcases.ModifyData" tests="1" failures="0" timestamp="20 Apr 2016 08:02:08 GMT" time="34.970" errors="0">
  <testcase name="testmodifydata" time="34.970" classname="testcases.ModifyData"/>
</testsuite> <!-- testcases.ModifyData -->
