<?xml version="1.0" encoding="UTF-8"?>
<!-- Generated by org.testng.reporters.JUnitReportReporter -->
<testsuite hostname="USER-20160327TR" name="testcases.LoginTest" tests="1" failures="0" timestamp="1 Apr 2016 03:49:27 GMT" time="4.230" errors="0">
  <testcase name="testlogin" time="4.230" classname="testcases.LoginTest"/>
</testsuite> <!-- testcases.LoginTest -->
