<?xml version="1.0" encoding="UTF-8"?>
<!-- Generated by org.testng.reporters.JUnitReportReporter -->
<testsuite hostname="USER-20160327TR" name="testcases.ModifyPwd" tests="1" failures="0" timestamp="22 Apr 2016 09:51:59 GMT" time="27.855" errors="0">
  <testcase name="testmodifypwd" time="27.855" classname="testcases.ModifyPwd"/>
</testsuite> <!-- testcases.ModifyPwd -->
