<?xml version="1.0" encoding="UTF-8"?>
<!-- Generated by org.testng.reporters.JUnitReportReporter -->
<testsuite hostname="USER-20160327TR" name="testcases.ModifyPwd" tests="1" failures="0" timestamp="12 Apr 2016 07:56:16 GMT" time="13.377" errors="0">
  <testcase name="testmodifypwd" time="13.377" classname="testcases.ModifyPwd"/>
</testsuite> <!-- testcases.ModifyPwd -->
