<?xml version="1.0" encoding="UTF-8"?>
<!-- Generated by org.testng.reporters.JUnitReportReporter -->
<testsuite hostname="USER-20160327TR" name="testcases.ModifyData" tests="1" failures="0" timestamp="7 Apr 2016 09:22:39 GMT" time="28.880" errors="0">
  <testcase name="modify" time="28.880" classname="testcases.ModifyData"/>
</testsuite> <!-- testcases.ModifyData -->
