<?xml version="1.0" encoding="UTF-8"?>
<!-- Generated by org.testng.reporters.JUnitReportReporter -->
<testsuite hostname="USER-20160327TR" name="testcases.Login" tests="1" failures="0" timestamp="12 Apr 2016 09:23:13 GMT" time="7.136" errors="0">
  <testcase name="testlogin" time="7.136" classname="testcases.Login"/>
</testsuite> <!-- testcases.Login -->
