<?xml version="1.0" encoding="UTF-8"?>
<!-- Generated by org.testng.reporters.JUnitReportReporter -->
<testsuite hostname="USER-20160327TR" name="testcases.ModifyPwd" tests="1" failures="0" timestamp="24 Jun 2016 01:49:25 GMT" time="20.245" errors="0">
  <testcase name="testmodifypwd" time="20.245" classname="testcases.ModifyPwd"/>
</testsuite> <!-- testcases.ModifyPwd -->
