<?xml version="1.0" encoding="UTF-8"?>
<!-- Generated by org.testng.reporters.JUnitReportReporter -->
<testsuite hostname="USER-20160327TR" name="testcases.Order" tests="1" failures="0" timestamp="24 Jun 2016 01:52:36 GMT" time="45.841" errors="0">
  <testcase name="testorder" time="45.841" classname="testcases.Order"/>
</testsuite> <!-- testcases.Order -->
