<?xml version="1.0" encoding="UTF-8"?>
<!-- Generated by org.testng.reporters.JUnitReportReporter -->
<testsuite hostname="USER-20160327TR" name="testcases.CancelOrder" tests="1" failures="0" timestamp="24 Jun 2016 01:32:13 GMT" time="28.010" errors="0">
  <testcase name="testcancelorder" time="28.010" classname="testcases.CancelOrder"/>
</testsuite> <!-- testcases.CancelOrder -->
