<?xml version="1.0" encoding="UTF-8"?>
<!-- Generated by org.testng.reporters.JUnitReportReporter -->
<testsuite hostname="CPDBMGIAETWZTQT" name="testcases.HelloWorld" tests="1" failures="0" timestamp="21 Mar 2016 02:07:03 GMT" time="14.023" errors="0">
  <testcase name="f" time="14.023" classname="testcases.HelloWorld"/>
</testsuite> <!-- testcases.HelloWorld -->
