<?xml version="1.0" encoding="UTF-8"?>
<!-- Generated by org.testng.reporters.JUnitReportReporter -->
<testsuite hostname="USER-20160327TR" name="testcases.Login" tests="1" failures="0" timestamp="6 Apr 2016 09:16:57 GMT" time="7.304" errors="0">
  <testcase name="testlogin" time="7.304" classname="testcases.Login"/>
</testsuite> <!-- testcases.Login -->
