<?xml version="1.0" encoding="UTF-8"?>
<!-- Generated by org.testng.reporters.JUnitReportReporter -->
<testsuite hostname="USER-20160327TR" name="testcases.ModifyData" tests="1" failures="0" timestamp="27 Apr 2016 08:39:38 GMT" time="35.347" errors="0">
  <testcase name="testmodifydata" time="35.347" classname="testcases.ModifyData"/>
</testsuite> <!-- testcases.ModifyData -->
