<?xml version="1.0" encoding="UTF-8"?>
<!-- Generated by org.testng.reporters.JUnitReportReporter -->
<testsuite hostname="USER-20160327TR" name="testcases.Register" tests="1" failures="0" timestamp="6 Apr 2016 04:05:59 GMT" time="4.433" errors="0">
  <testcase name="reg" time="4.433" classname="testcases.Register"/>
</testsuite> <!-- testcases.Register -->
