<?xml version="1.0" encoding="UTF-8"?>
<!-- Generated by org.testng.reporters.JUnitReportReporter -->
<testsuite hostname="USER-20160327TR" name="testcases.ModifyPwd" tests="1" failures="0" timestamp="20 Apr 2016 07:45:52 GMT" time="16.479" errors="0">
  <testcase name="testmodifypwd" time="16.479" classname="testcases.ModifyPwd"/>
</testsuite> <!-- testcases.ModifyPwd -->
