<?xml version="1.0" encoding="UTF-8"?>
<!-- Generated by org.testng.reporters.JUnitReportReporter -->
<testsuite hostname="USER-20160327TR" name="testcases.PrintShop" tests="1" failures="0" timestamp="28 Apr 2016 06:11:23 GMT" time="12.419" errors="0">
  <testcase name="testprint" time="12.419" classname="testcases.PrintShop"/>
</testsuite> <!-- testcases.PrintShop -->
