<?xml version="1.0" encoding="UTF-8"?>
<!-- Generated by org.testng.reporters.JUnitReportReporter -->
<testsuite hostname="USER-20160327TR" name="testcases.EmailTest" tests="1" failures="0" timestamp="4 May 2016 05:53:57 GMT" time="11.274" errors="0">
  <testcase name="testorder" time="11.274" classname="testcases.EmailTest"/>
</testsuite> <!-- testcases.EmailTest -->
