<?xml version="1.0" encoding="UTF-8"?>
<!-- Generated by org.testng.reporters.JUnitReportReporter -->
<testsuite hostname="USER-20160327TR" name="testcases.CancelPay" tests="1" failures="0" timestamp="28 Apr 2016 03:57:31 GMT" time="23.908" errors="0">
  <testcase name="testcancelpay" time="23.908" classname="testcases.CancelPay"/>
</testsuite> <!-- testcases.CancelPay -->
