<?xml version="1.0" encoding="UTF-8"?>
<!-- Generated by org.testng.reporters.JUnitReportReporter -->
<testsuite hostname="USER-20160327TR" name="testcases.Order" tests="1" failures="0" timestamp="3 May 2016 07:34:09 GMT" time="76.922" errors="0">
  <testcase name="testorder" time="76.922" classname="testcases.Order"/>
</testsuite> <!-- testcases.Order -->
