<?xml version="1.0" encoding="UTF-8"?>
<!-- Generated by org.testng.reporters.JUnitReportReporter -->
<testsuite hostname="USER-20160327TR" name="testcases.Pay" tests="1" failures="0" timestamp="28 Apr 2016 06:08:43 GMT" time="30.595" errors="0">
  <testcase name="testpay" time="30.595" classname="testcases.Pay"/>
</testsuite> <!-- testcases.Pay -->
