<?xml version="1.0" encoding="UTF-8"?>
<!-- Generated by org.testng.reporters.JUnitReportReporter -->
<testsuite hostname="USER-20160327TR" name="testcases.Pay" tests="1" failures="0" timestamp="12 Apr 2016 07:59:14 GMT" time="29.883" errors="0">
  <testcase name="testpay" time="29.883" classname="testcases.Pay"/>
</testsuite> <!-- testcases.Pay -->
