<?xml version="1.0" encoding="UTF-8"?>
<!-- Generated by org.testng.reporters.JUnitReportReporter -->
<testsuite hostname="USER-20160327TR" name="testcases.ModifyPwd" tests="1" failures="0" timestamp="28 Apr 2016 05:56:24 GMT" time="17.396" errors="0">
  <testcase name="testmodifypwd" time="17.396" classname="testcases.ModifyPwd"/>
</testsuite> <!-- testcases.ModifyPwd -->
