<?xml version="1.0" encoding="UTF-8"?>
<!-- Generated by org.testng.reporters.JUnitReportReporter -->
<testsuite hostname="USER-20160327TR" name="testcases.Order" tests="1" failures="0" timestamp="25 Apr 2016 02:32:34 GMT" time="60.390" errors="0">
  <testcase name="testorder" time="60.390" classname="testcases.Order"/>
</testsuite> <!-- testcases.Order -->
