<?xml version="1.0" encoding="UTF-8"?>
<!-- Generated by org.testng.reporters.JUnitReportReporter -->
<testsuite hostname="USER-20160327TR" name="testcases.LoginFail" tests="1" failures="0" timestamp="12 Apr 2016 07:53:56 GMT" time="11.750" errors="0">
  <testcase name="testloginfail" time="11.750" classname="testcases.LoginFail"/>
</testsuite> <!-- testcases.LoginFail -->
