<?xml version="1.0" encoding="UTF-8"?>
<!-- Generated by org.testng.reporters.JUnitReportReporter -->
<testsuite hostname="USER-20160327TR" name="testcases.ModifyPwd" tests="1" failures="0" timestamp="11 Apr 2016 10:52:01 GMT" time="15.990" errors="0">
  <testcase name="testmodifypwd" time="15.990" classname="testcases.ModifyPwd"/>
</testsuite> <!-- testcases.ModifyPwd -->
