<?xml version="1.0" encoding="UTF-8"?>
<!-- Generated by org.testng.reporters.JUnitReportReporter -->
<testsuite hostname="USER-20160327TR" name="testcases.ModifyData" tests="1" failures="0" timestamp="12 Apr 2016 07:55:20 GMT" time="32.696" errors="0">
  <testcase name="testmodify" time="32.696" classname="testcases.ModifyData"/>
</testsuite> <!-- testcases.ModifyData -->
