<?xml version="1.0" encoding="UTF-8"?>
<!-- Generated by org.testng.reporters.JUnitReportReporter -->
<testsuite hostname="USER-20160327TR" name="testcases.ErrPRegister" tests="1" failures="0" timestamp="22 Apr 2016 09:51:59 GMT" time="4.498" errors="0">
  <testcase name="testerrpreg" time="4.498" classname="testcases.ErrPRegister"/>
</testsuite> <!-- testcases.ErrPRegister -->
