<?xml version="1.0" encoding="UTF-8"?>
<!-- Generated by org.testng.reporters.JUnitReportReporter -->
<testsuite hostname="USER-20160327TR" name="testcases.ModifyPwd" tests="1" failures="0" timestamp="25 Apr 2016 02:29:00 GMT" time="16.511" errors="0">
  <testcase name="testmodifypwd" time="16.511" classname="testcases.ModifyPwd"/>
</testsuite> <!-- testcases.ModifyPwd -->
