<?xml version="1.0" encoding="UTF-8"?>
<!-- Generated by org.testng.reporters.JUnitReportReporter -->
<testsuite hostname="USER-20160327TR" name="testcases.Order" tests="1" failures="0" timestamp="6 Apr 2016 10:43:35 GMT" time="25.103" errors="0">
  <testcase name="testorder" time="25.103" classname="testcases.Order"/>
</testsuite> <!-- testcases.Order -->
