<?xml version="1.0" encoding="UTF-8"?>
<!-- Generated by org.testng.reporters.JUnitReportReporter -->
<testsuite hostname="USER-20160327TR" name="testcases.Order" tests="1" failures="0" timestamp="5 Apr 2016 05:10:44 GMT" time="23.340" errors="0">
  <testcase name="testorder" time="23.340" classname="testcases.Order"/>
</testsuite> <!-- testcases.Order -->
