<?xml version="1.0" encoding="UTF-8"?>
<!-- Generated by org.testng.reporters.JUnitReportReporter -->
<testsuite hostname="USER-20160327TR" name="testcases.PrintShop" tests="1" failures="0" timestamp="25 Apr 2016 02:34:47 GMT" time="12.214" errors="0">
  <testcase name="testprint" time="12.214" classname="testcases.PrintShop"/>
</testsuite> <!-- testcases.PrintShop -->
