<?xml version="1.0" encoding="UTF-8"?>
<!-- Generated by org.testng.reporters.JUnitReportReporter -->
<testsuite hostname="USER-20160327TR" name="testcases.CancelOrder" tests="1" failures="0" timestamp="25 Apr 2016 02:15:24 GMT" time="23.723" errors="0">
  <testcase name="testcancelorder" time="23.723" classname="testcases.CancelOrder"/>
</testsuite> <!-- testcases.CancelOrder -->
