<?xml version="1.0" encoding="UTF-8"?>
<!-- Generated by org.testng.reporters.JUnitReportReporter -->
<testsuite hostname="USER-20160327TR" name="testcases.Login" tests="1" failures="0" timestamp="5 Apr 2016 13:07:40 GMT" time="13.265" errors="0">
  <testcase name="testlogin" time="13.265" classname="testcases.Login"/>
</testsuite> <!-- testcases.Login -->
