<?xml version="1.0" encoding="UTF-8"?>
<!-- Generated by org.testng.reporters.JUnitReportReporter -->
<testsuite hostname="USER-20160327TR" name="testcases.ResetPwd" tests="1" failures="0" timestamp="20 Apr 2016 07:45:52 GMT" time="8.981" errors="0">
  <testcase name="testresetpwd" time="8.981" classname="testcases.ResetPwd"/>
</testsuite> <!-- testcases.ResetPwd -->
