<?xml version="1.0" encoding="UTF-8"?>
<!-- Generated by org.testng.reporters.JUnitReportReporter -->
<testsuite hostname="USER-20160327TR" name="testcases.Login" tests="1" failures="0" timestamp="22 Apr 2016 10:27:45 GMT" time="7.721" errors="0">
  <testcase name="testlogin" time="7.721" classname="testcases.Login"/>
</testsuite> <!-- testcases.Login -->
