<?xml version="1.0" encoding="UTF-8"?>
<!-- Generated by org.testng.reporters.JUnitReportReporter -->
<testsuite hostname="USER-20160327TR" name="testcases.DupRegister" tests="1" failures="0" timestamp="17 May 2016 07:37:19 GMT" time="3.401" errors="0">
  <testcase name="testdupreg" time="3.401" classname="testcases.DupRegister"/>
</testsuite> <!-- testcases.DupRegister -->
