<?xml version="1.0" encoding="UTF-8"?>
<!-- Generated by org.testng.reporters.JUnitReportReporter -->
<testsuite hostname="USER-20160327TR" name="testcases.Register" tests="1" failures="0" timestamp="6 Apr 2016 10:43:35 GMT" time="3.610" errors="0">
  <testcase name="reg" time="3.610" classname="testcases.Register"/>
</testsuite> <!-- testcases.Register -->
