<?xml version="1.0" encoding="UTF-8"?>
<!-- Generated by org.testng.reporters.JUnitReportReporter -->
<testsuite hostname="USER-20160327TR" name="testcases.Pay" tests="1" failures="0" timestamp="25 Apr 2016 02:34:00 GMT" time="32.792" errors="0">
  <testcase name="testpay" time="32.792" classname="testcases.Pay"/>
</testsuite> <!-- testcases.Pay -->
