<?xml version="1.0" encoding="UTF-8"?>
<!-- Generated by org.testng.reporters.JUnitReportReporter -->
<testsuite hostname="USER-20160327TR" name="testcases.DBTest" tests="1" failures="0" timestamp="21 Jun 2016 03:22:56 GMT" time="0.031" errors="0">
  <testcase name="dbtest" time="0.031" classname="testcases.DBTest"/>
</testsuite> <!-- testcases.DBTest -->
