<?xml version="1.0" encoding="UTF-8"?>
<!-- Generated by org.testng.reporters.JUnitReportReporter -->
<testsuite hostname="USER-20160327TR" name="testcases.ResetPwd" tests="1" failures="0" timestamp="16 Jun 2016 07:55:37 GMT" time="8.466" errors="0">
  <testcase name="testresetpwd" time="8.466" classname="testcases.ResetPwd"/>
</testsuite> <!-- testcases.ResetPwd -->
