<?xml version="1.0" encoding="UTF-8"?>
<!-- Generated by org.testng.reporters.JUnitReportReporter -->
<testsuite hostname="USER-20160327TR" name="testcases.Demo" tests="1" failures="0" timestamp="20 Apr 2016 01:26:58 GMT" time="43.939" errors="0">
  <testcase name="testdemo" time="43.939" classname="testcases.Demo"/>
</testsuite> <!-- testcases.Demo -->
