<?xml version="1.0" encoding="UTF-8"?>
<!-- Generated by org.testng.reporters.JUnitReportReporter -->
<testsuite hostname="USER-20160327TR" name="testcases.CancelPay" tests="1" failures="0" timestamp="25 Apr 2016 02:17:01 GMT" time="27.930" errors="0">
  <testcase name="testcancelpay" time="27.930" classname="testcases.CancelPay"/>
</testsuite> <!-- testcases.CancelPay -->
