<?xml version="1.0" encoding="UTF-8"?>
<!-- Generated by org.testng.reporters.JUnitReportReporter -->
<testsuite hostname="USER-20160327TR" name="testcases.ErrPRegister" tests="1" failures="0" timestamp="28 Apr 2016 05:37:57 GMT" time="1.550" errors="0">
  <testcase name="testerrpreg" time="1.550" classname="testcases.ErrPRegister"/>
</testsuite> <!-- testcases.ErrPRegister -->
