<?xml version="1.0" encoding="UTF-8"?>
<!-- Generated by org.testng.reporters.JUnitReportReporter -->
<testsuite hostname="USER-20160327TR" name="testcases.Order" tests="1" failures="0" timestamp="12 Apr 2016 07:58:00 GMT" time="37.276" errors="0">
  <testcase name="testorder" time="37.276" classname="testcases.Order"/>
</testsuite> <!-- testcases.Order -->
