<?xml version="1.0" encoding="UTF-8"?>
<!-- Generated by org.testng.reporters.JUnitReportReporter -->
<testsuite hostname="USER-20160327TR" name="testcases.LoginTest" tests="1" failures="0" timestamp="30 Mar 2016 07:59:24 GMT" time="4.073" errors="0">
  <testcase name="testlogin" time="4.073" classname="testcases.LoginTest"/>
</testsuite> <!-- testcases.LoginTest -->
