<?xml version="1.0" encoding="UTF-8"?>
<!-- Generated by org.testng.reporters.JUnitReportReporter -->
<testsuite hostname="USER-20160327TR" name="testcases.Room" tests="1" failures="0" timestamp="5 Apr 2016 05:10:44 GMT" time="15.486" errors="0">
  <testcase name="testroom" time="15.486" classname="testcases.Room"/>
</testsuite> <!-- testcases.Room -->
