<?xml version="1.0" encoding="UTF-8"?>
<!-- Generated by org.testng.reporters.JUnitReportReporter -->
<testsuite hostname="USER-20160327TR" name="testcases.ErrRegister" tests="1" failures="0" timestamp="20 Apr 2016 07:45:52 GMT" time="0.697" errors="0">
  <testcase name="testerrreg" time="0.697" classname="testcases.ErrRegister"/>
</testsuite> <!-- testcases.ErrRegister -->
