<?xml version="1.0" encoding="UTF-8"?>
<!-- Generated by org.testng.reporters.JUnitReportReporter -->
<testsuite hostname="USER-20160327TR" name="testcases.ResetPwd" tests="1" failures="0" timestamp="20 Apr 2016 10:56:17 GMT" time="9.159" errors="0">
  <testcase name="testresetpwd" time="9.159" classname="testcases.ResetPwd"/>
</testsuite> <!-- testcases.ResetPwd -->
