<?xml version="1.0" encoding="UTF-8"?>
<!-- Generated by org.testng.reporters.JUnitReportReporter -->
<testsuite hostname="USER-20160327TR" name="testcases.LoginFail" tests="1" failures="0" timestamp="28 Apr 2016 05:42:22 GMT" time="8.080" errors="0">
  <testcase name="testloginfail" time="8.080" classname="testcases.LoginFail"/>
</testsuite> <!-- testcases.LoginFail -->
