<?xml version="1.0" encoding="UTF-8"?>
<!-- Generated by org.testng.reporters.JUnitReportReporter -->
<testsuite hostname="USER-20160327TR" name="testcases.ModifyData" tests="1" failures="0" timestamp="12 Apr 2016 08:52:18 GMT" time="40.142" errors="0">
  <testcase name="testmodify" time="40.142" classname="testcases.ModifyData"/>
</testsuite> <!-- testcases.ModifyData -->
