<?xml version="1.0" encoding="UTF-8"?>
<!-- Generated by org.testng.reporters.JUnitReportReporter -->
<testsuite hostname="USER-20160327TR" name="testcases.Order" tests="1" failures="0" timestamp="8 Apr 2016 03:02:33 GMT" time="33.808" errors="0">
  <testcase name="testorder" time="33.808" classname="testcases.Order"/>
</testsuite> <!-- testcases.Order -->
