<?xml version="1.0" encoding="UTF-8"?>
<!-- Generated by org.testng.reporters.JUnitReportReporter -->
<testsuite hostname="USER-20160327TR" name="testcases.ResetPwd" tests="1" failures="0" timestamp="28 Apr 2016 06:24:47 GMT" time="8.434" errors="0">
  <testcase name="testresetpwd" time="8.434" classname="testcases.ResetPwd"/>
</testsuite> <!-- testcases.ResetPwd -->
