<?xml version="1.0" encoding="UTF-8"?>
<!-- Generated by org.testng.reporters.JUnitReportReporter -->
<testsuite hostname="USER-20160327TR" name="testcases.WenKu" tests="1" failures="0" timestamp="3 May 2016 01:33:12 GMT" time="87.741" errors="0">
  <testcase name="testlogin" time="87.741" classname="testcases.WenKu"/>
</testsuite> <!-- testcases.WenKu -->
