<?xml version="1.0" encoding="UTF-8"?>
<!-- Generated by org.testng.reporters.JUnitReportReporter -->
<testsuite hostname="USER-20160327TR" name="testcases.PrintShop" tests="1" failures="0" timestamp="11 Apr 2016 10:55:23 GMT" time="16.457" errors="0">
  <testcase name="testprint" time="16.457" classname="testcases.PrintShop"/>
</testsuite> <!-- testcases.PrintShop -->
