<?xml version="1.0" encoding="UTF-8"?>
<!-- Generated by org.testng.reporters.JUnitReportReporter -->
<testsuite hostname="USER-20160327TR" name="testcases.ModifyData" tests="1" failures="0" timestamp="8 Apr 2016 05:31:48 GMT" time="32.777" errors="0">
  <testcase name="testmodify" time="32.777" classname="testcases.ModifyData"/>
</testsuite> <!-- testcases.ModifyData -->
