<?xml version="1.0" encoding="UTF-8"?>
<!-- Generated by org.testng.reporters.JUnitReportReporter -->
<testsuite hostname="USER-20160327TR" name="testcases.LoginDemo" tests="1" failures="0" timestamp="31 Mar 2016 09:53:40 GMT" time="21.104" errors="0">
  <testcase name="testlogin" time="21.104" classname="testcases.LoginDemo"/>
</testsuite> <!-- testcases.LoginDemo -->
