<?xml version="1.0" encoding="UTF-8"?>
<!-- Generated by org.testng.reporters.JUnitReportReporter -->
<testsuite hostname="USER-20160327TR" name="testcases.ModifyData" tests="1" failures="0" timestamp="11 Apr 2016 08:31:48 GMT" time="36.780" errors="0">
  <testcase name="testmodify" time="36.780" classname="testcases.ModifyData"/>
</testsuite> <!-- testcases.ModifyData -->
