<?xml version="1.0" encoding="UTF-8"?>
<!-- Generated by org.testng.reporters.JUnitReportReporter -->
<testsuite hostname="USER-20160327TR" name="testcases.Order" tests="1" failures="0" timestamp="7 Apr 2016 02:36:33 GMT" time="28.475" errors="0">
  <testcase name="testorder" time="28.475" classname="testcases.Order"/>
</testsuite> <!-- testcases.Order -->
