<?xml version="1.0" encoding="UTF-8"?>
<!-- Generated by org.testng.reporters.JUnitReportReporter -->
<testsuite hostname="USER-20160327TR" name="testcases.WenKu" tests="1" failures="0" timestamp="17 May 2016 08:17:09 GMT" time="37.826" errors="0">
  <testcase name="testlogin" time="37.826" classname="testcases.WenKu"/>
</testsuite> <!-- testcases.WenKu -->
