<?xml version="1.0" encoding="UTF-8"?>
<!-- Generated by org.testng.reporters.JUnitReportReporter -->
<testsuite hostname="USER-20160327TR" name="testcases.Register" tests="1" failures="0" timestamp="17 May 2016 07:37:19 GMT" time="3.527" errors="0">
  <testcase name="testreg" time="3.527" classname="testcases.Register"/>
</testsuite> <!-- testcases.Register -->
