<?xml version="1.0" encoding="UTF-8"?>
<!-- Generated by org.testng.reporters.JUnitReportReporter -->
<testsuite hostname="USER-20160327TR" name="testcases.Register" tests="1" failures="0" timestamp="21 Apr 2016 10:18:02 GMT" time="4.350" errors="0">
  <testcase name="testreg" time="4.350" classname="testcases.Register"/>
</testsuite> <!-- testcases.Register -->
