<?xml version="1.0" encoding="UTF-8"?>
<!-- Generated by org.testng.reporters.JUnitReportReporter -->
<testsuite hostname="USER-20160327TR" name="testcases.CancelOrder" tests="1" failures="0" timestamp="20 Apr 2016 02:22:17 GMT" time="21.171" errors="0">
  <testcase name="testcancelorder" time="21.171" classname="testcases.CancelOrder"/>
</testsuite> <!-- testcases.CancelOrder -->
