<?xml version="1.0" encoding="UTF-8"?>
<!-- Generated by org.testng.reporters.JUnitReportReporter -->
<testsuite hostname="USER-20160327TR" name="testcases.Register" tests="1" failures="0" timestamp="6 Apr 2016 01:51:39 GMT" time="4.383" errors="0">
  <testcase name="reg" time="4.383" classname="testcases.Register"/>
</testsuite> <!-- testcases.Register -->
