<?xml version="1.0" encoding="UTF-8"?>
<!-- Generated by org.testng.reporters.JUnitReportReporter -->
<testsuite hostname="USER-20160327TR" name="testcases.CancelPay" tests="1" failures="0" timestamp="12 Apr 2016 07:51:37 GMT" time="18.497" errors="0">
  <testcase name="testpay" time="18.497" classname="testcases.CancelPay"/>
</testsuite> <!-- testcases.CancelPay -->
