<?xml version="1.0" encoding="UTF-8"?>
<!-- Generated by org.testng.reporters.JUnitReportReporter -->
<testsuite hostname="USER-20160327TR" name="testcases.Login" tests="1" failures="0" timestamp="5 Apr 2016 05:10:44 GMT" time="3.914" errors="0">
  <testcase name="testlogin" time="3.914" classname="testcases.Login"/>
</testsuite> <!-- testcases.Login -->
