<?xml version="1.0" encoding="UTF-8"?>
<!-- Generated by org.testng.reporters.JUnitReportReporter -->
<testsuite hostname="USER-20160327TR" name="testcases.ErrRegister" tests="1" failures="0" timestamp="22 Apr 2016 07:58:01 GMT" time="1.587" errors="0">
  <testcase name="testerrreg" time="1.587" classname="testcases.ErrRegister"/>
</testsuite> <!-- testcases.ErrRegister -->
